<doc>
    <blah eid="blah-3325">some-other-blah</blah>
    <music eid="music-3"><blah eid="blah-3326"/></music>
</doc>
