<doc>
    <blah>some-other-blah</blah>
    <music><blah/></music>
</doc>
